<?xml version="1.0" encoding="UTF-8" ?>
<testsuite tests="6" failures="0" name="RouteCalculatorTest" time="0.012" errors="0" skipped="0">
  <properties>
[...]
</properties>
  <testcase classname="RouteCalculatorTest" name="test_opposite_station_wit_one_transfer" time="0.01"/>
  <testcase classname="RouteCalculatorTest" name="test_distance_to_same_station" time="0"/>
  <testcase classname="RouteCalculatorTest" name="test_calc_duration_with_two_transfers_22" time="0"/>
  <testcase classname="RouteCalculatorTest" name="test_stations_next_to_each_other_on_single_line" time="0"/>
  <testcase classname="RouteCalculatorTest" name="test_opposite_station_wit_two_transfers" time="0.001"/>
  <testcase classname="RouteCalculatorTest" name="test_opposite_station_on_single_line" time="0.001"/>
</testsuite>